{"/home/sandra/study/frontend-project-lvl2/src/index.js": {"path":"/home/sandra/study/frontend-project-lvl2/src/index.js","statementMap":{"0":{"start":{"line":1,"column":0},"end":{"line":1,"column":null}},"1":{"start":{"line":2,"column":0},"end":{"line":2,"column":null}},"2":{"start":{"line":3,"column":0},"end":{"line":3,"column":null}},"3":{"start":{"line":5,"column":18},"end":{"line":10,"column":null}},"4":{"start":{"line":6,"column":23},"end":{"line":6,"column":28}},"5":{"start":{"line":7,"column":15},"end":{"line":7,"column":18}},"6":{"start":{"line":9,"column":2},"end":{"line":9,"column":9}},"7":{"start":{"line":12,"column":15},"end":{"line":34,"column":null}},"8":{"start":{"line":13,"column":16},"end":{"line":13,"column":25}},"9":{"start":{"line":14,"column":16},"end":{"line":14,"column":25}},"10":{"start":{"line":16,"column":15},"end":{"line":16,"column":16}},"11":{"start":{"line":17,"column":21},"end":{"line":17,"column":22}},"12":{"start":{"line":18,"column":15},"end":{"line":29,"column":null}},"13":{"start":{"line":19,"column":4},"end":{"line":21,"column":null}},"14":{"start":{"line":20,"column":6},"end":{"line":20,"column":14}},"15":{"start":{"line":22,"column":4},"end":{"line":24,"column":null}},"16":{"start":{"line":23,"column":6},"end":{"line":23,"column":14}},"17":{"start":{"line":25,"column":4},"end":{"line":27,"column":null}},"18":{"start":{"line":26,"column":6},"end":{"line":26,"column":14}},"19":{"start":{"line":28,"column":4},"end":{"line":28,"column":12}},"20":{"start":{"line":31,"column":18},"end":{"line":31,"column":null}},"21":{"start":{"line":32,"column":2},"end":{"line":32,"column":9}},"22":{"start":{"line":33,"column":2},"end":{"line":33,"column":9}}},"fnMap":{"0":{"name":"(anonymous_1)","decl":{"start":{"line":5,"column":18},"end":{"line":5,"column":31}},"loc":{"start":{"line":5,"column":31},"end":{"line":10,"column":null}}},"1":{"name":"(anonymous_2)","decl":{"start":{"line":12,"column":15},"end":{"line":12,"column":16}},"loc":{"start":{"line":12,"column":41},"end":{"line":34,"column":null}}},"2":{"name":"(anonymous_3)","decl":{"start":{"line":18,"column":15},"end":{"line":18,"column":16}},"loc":{"start":{"line":18,"column":29},"end":{"line":29,"column":null}}}},"branchMap":{"0":{"loc":{"start":{"line":19,"column":4},"end":{"line":21,"column":null}},"type":"if","locations":[{"start":{"line":19,"column":4},"end":{"line":21,"column":null}},{"start":{"line":19,"column":4},"end":{"line":21,"column":null}}]},"1":{"loc":{"start":{"line":22,"column":4},"end":{"line":24,"column":null}},"type":"if","locations":[{"start":{"line":22,"column":4},"end":{"line":24,"column":null}},{"start":{"line":22,"column":4},"end":{"line":24,"column":null}}]},"2":{"loc":{"start":{"line":25,"column":4},"end":{"line":27,"column":null}},"type":"if","locations":[{"start":{"line":25,"column":4},"end":{"line":27,"column":null}},{"start":{"line":25,"column":4},"end":{"line":27,"column":null}}]}},"s":{"0":1,"1":1,"2":1,"3":1,"4":6,"5":5,"6":3,"7":1,"8":4,"9":2,"10":1,"11":1,"12":1,"13":5,"14":1,"15":4,"16":2,"17":2,"18":1,"19":1,"20":1,"21":1,"22":1},"f":{"0":6,"1":4,"2":5},"b":{"0":[1,4],"1":[2,2],"2":[1,1]}}
}
